[0409/003522.490:ERROR:http_transport_win.cc(276)] WinHttpSendRequest: La operación se completó correctamente. (0x0)
[0409/021611.646:ERROR:process_reader_win.cc(151)] SuspendThread: Acceso denegado. (0x5)
[0409/021611.646:ERROR:process_reader_win.cc(151)] SuspendThread: Acceso denegado. (0x5)
[0409/021611.646:ERROR:process_reader_win.cc(151)] SuspendThread: Acceso denegado. (0x5)
[0409/021611.646:ERROR:process_reader_win.cc(151)] SuspendThread: Acceso denegado. (0x5)
[0409/021611.646:ERROR:process_reader_win.cc(151)] SuspendThread: Acceso denegado. (0x5)
[0409/021611.646:ERROR:process_reader_win.cc(151)] SuspendThread: Acceso denegado. (0x5)
[0409/021611.646:ERROR:process_reader_win.cc(151)] SuspendThread: Acceso denegado. (0x5)
[0409/021611.647:ERROR:process_reader_win.cc(151)] SuspendThread: Acceso denegado. (0x5)
[0409/021611.647:ERROR:process_reader_win.cc(151)] SuspendThread: Acceso denegado. (0x5)
[0409/021611.647:ERROR:process_reader_win.cc(151)] SuspendThread: Acceso denegado. (0x5)
[0409/021611.647:ERROR:process_reader_win.cc(151)] SuspendThread: Acceso denegado. (0x5)
[0409/021611.647:ERROR:process_reader_win.cc(151)] SuspendThread: Acceso denegado. (0x5)
[0409/021611.647:ERROR:process_reader_win.cc(151)] SuspendThread: Acceso denegado. (0x5)
[0409/021611.651:ERROR:process_reader_win.cc(151)] SuspendThread: Acceso denegado. (0x5)
[0409/021611.651:ERROR:process_reader_win.cc(151)] SuspendThread: Acceso denegado. (0x5)
[0409/021611.651:ERROR:process_reader_win.cc(151)] SuspendThread: Acceso denegado. (0x5)
[0409/021611.651:ERROR:process_reader_win.cc(151)] SuspendThread: Acceso denegado. (0x5)
[0409/021611.651:ERROR:process_reader_win.cc(151)] SuspendThread: Acceso denegado. (0x5)
[0409/021611.651:ERROR:process_reader_win.cc(151)] SuspendThread: Acceso denegado. (0x5)
[0409/021611.651:ERROR:process_reader_win.cc(151)] SuspendThread: Acceso denegado. (0x5)
[0409/021611.651:ERROR:process_reader_win.cc(151)] SuspendThread: Acceso denegado. (0x5)
[0409/021611.651:ERROR:process_reader_win.cc(151)] SuspendThread: Acceso denegado. (0x5)
[0409/021611.651:ERROR:process_reader_win.cc(151)] SuspendThread: Acceso denegado. (0x5)
[0409/021611.651:ERROR:process_reader_win.cc(151)] SuspendThread: Acceso denegado. (0x5)
[0409/021611.651:ERROR:process_reader_win.cc(151)] SuspendThread: Acceso denegado. (0x5)
[0409/021611.651:ERROR:process_reader_win.cc(151)] SuspendThread: Acceso denegado. (0x5)
[0409/021611.652:ERROR:process_reader_win.cc(151)] SuspendThread: Acceso denegado. (0x5)
[0409/021611.652:ERROR:process_reader_win.cc(151)] SuspendThread: Acceso denegado. (0x5)
[0409/021611.652:ERROR:process_reader_win.cc(151)] SuspendThread: Acceso denegado. (0x5)
[0409/021611.652:ERROR:process_reader_win.cc(151)] SuspendThread: Acceso denegado. (0x5)
[0409/021611.652:ERROR:process_reader_win.cc(151)] SuspendThread: Acceso denegado. (0x5)
[0409/021611.652:ERROR:process_reader_win.cc(151)] SuspendThread: Acceso denegado. (0x5)
[0409/021611.652:ERROR:process_reader_win.cc(151)] SuspendThread: Acceso denegado. (0x5)
[0409/021611.652:ERROR:process_reader_win.cc(151)] SuspendThread: Acceso denegado. (0x5)
[0409/021611.665:ERROR:process_reader_win.cc(123)] NtOpenThread: {Acceso denegado} Un proceso ha solicitado acceso a un objeto, pero no se le han concedido esos derechos de acceso. (0xc0000022)
[0409/021611.652:ERROR:process_reader_win.cc(123)] NtOpenThread: {Acceso denegado} Un proceso ha solicitado acceso a un objeto, pero no se le han concedido esos derechos de acceso. (0xc0000022)
[0409/021611.651:ERROR:process_reader_win.cc(123)] NtOpenThread: {Acceso denegado} Un proceso ha solicitado acceso a un objeto, pero no se le han concedido esos derechos de acceso. (0xc0000022)
[0409/021611.672:ERROR:exception_snapshot_win.cc(98)] thread ID 19236 not found in process
[0409/021611.672:ERROR:exception_snapshot_win.cc(98)] thread ID 23248 not found in process
[0409/021611.672:ERROR:exception_snapshot_win.cc(98)] thread ID 8732 not found in process
[0409/021611.647:ERROR:process_reader_win.cc(123)] NtOpenThread: {Acceso denegado} Un proceso ha solicitado acceso a un objeto, pero no se le han concedido esos derechos de acceso. (0xc0000022)
[0409/021611.674:ERROR:exception_snapshot_win.cc(98)] thread ID 6960 not found in process
[0409/021611.682:ERROR:process_reader_win.cc(123)] NtOpenThread: {Acceso denegado} Un proceso ha solicitado acceso a un objeto, pero no se le han concedido esos derechos de acceso. (0xc0000022)
[0409/021611.682:ERROR:exception_snapshot_win.cc(98)] thread ID 9032 not found in process
[0409/021611.683:ERROR:process_reader_win.cc(123)] NtOpenThread: {Acceso denegado} Un proceso ha solicitado acceso a un objeto, pero no se le han concedido esos derechos de acceso. (0xc0000022)
[0409/021611.683:ERROR:exception_snapshot_win.cc(98)] thread ID 1988 not found in process
[0409/021611.682:ERROR:scoped_process_suspend.cc(31)] NtSuspendProcess: Se intentó obtener acceso a un proceso que está cerrándose. (0xc000010a)
[0409/021611.683:ERROR:process_info.cc(118)] ReadProcessMemory bool __cdecl crashpad::(anonymous namespace)::ReadStruct(HANDLE, crashpad::WinVMAddress, T *) [T = crashpad::process_types::PEB<crashpad::process_types::internal::Traits64>]: Solo se completó una parte de una solicitud ReadProcessMemory o WriteProcessMemory. (0x12B)
[0409/021611.683:ERROR:process_info.cc(551)] ReadProcessData failed
[0409/021611.693:ERROR:process_reader_win.cc(123)] NtOpenThread: {Acceso denegado} Un proceso ha solicitado acceso a un objeto, pero no se le han concedido esos derechos de acceso. (0xc0000022)
[0409/021611.693:ERROR:exception_snapshot_win.cc(98)] thread ID 20524 not found in process
[0409/021611.694:ERROR:process_reader_win.cc(123)] NtOpenThread: {Acceso denegado} Un proceso ha solicitado acceso a un objeto, pero no se le han concedido esos derechos de acceso. (0xc0000022)
[0409/021611.694:ERROR:process_reader_win.cc(123)] NtOpenThread: {Acceso denegado} Un proceso ha solicitado acceso a un objeto, pero no se le han concedido esos derechos de acceso. (0xc0000022)
[0409/021611.694:ERROR:exception_snapshot_win.cc(98)] thread ID 23400 not found in process
[0409/021611.694:ERROR:exception_snapshot_win.cc(98)] thread ID 84 not found in process
[0409/021611.699:ERROR:process_reader_win.cc(123)] NtOpenThread: {Acceso denegado} Un proceso ha solicitado acceso a un objeto, pero no se le han concedido esos derechos de acceso. (0xc0000022)
[0409/021611.699:ERROR:exception_snapshot_win.cc(98)] thread ID 6868 not found in process
[0409/021611.699:ERROR:scoped_process_suspend.cc(31)] NtSuspendProcess: Se intentó obtener acceso a un proceso que está cerrándose. (0xc000010a)
[0409/021611.699:ERROR:process_info.cc(118)] ReadProcessMemory bool __cdecl crashpad::(anonymous namespace)::ReadStruct(HANDLE, crashpad::WinVMAddress, T *) [T = crashpad::process_types::PEB<crashpad::process_types::internal::Traits64>]: Solo se completó una parte de una solicitud ReadProcessMemory o WriteProcessMemory. (0x12B)
[0409/021611.699:ERROR:process_info.cc(551)] ReadProcessData failed
[0409/021611.706:ERROR:process_reader_win.cc(123)] NtOpenThread: {Acceso denegado} Un proceso ha solicitado acceso a un objeto, pero no se le han concedido esos derechos de acceso. (0xc0000022)
[0409/021611.706:ERROR:process_reader_win.cc(123)] NtOpenThread: {Acceso denegado} Un proceso ha solicitado acceso a un objeto, pero no se le han concedido esos derechos de acceso. (0xc0000022)
[0409/021611.706:ERROR:process_reader_win.cc(123)] NtOpenThread: {Acceso denegado} Un proceso ha solicitado acceso a un objeto, pero no se le han concedido esos derechos de acceso. (0xc0000022)
[0409/021611.706:ERROR:exception_snapshot_win.cc(98)] thread ID 21640 not found in process
[0409/021611.706:ERROR:exception_snapshot_win.cc(98)] thread ID 20788 not found in process
[0409/021611.706:ERROR:exception_snapshot_win.cc(98)] thread ID 5144 not found in process
